This is pdfTeX, Version 3.141592653-2.6-1.40.22 (TeX Live 2022/dev/Debian) (preloaded format=pdflatex 2023.3.25)  25 MAR 2023 15:04
entering extended mode
 restricted \write18 enabled.
 file:line:error style messages enabled.
 %&-line parsing enabled.
**/home/natanvek/0-COMPUTER/1-ESTUDIO/z-finalizadas/METNUM/metnum-tp02/informe3/main.tex
(/home/natanvek/0-COMPUTER/1-ESTUDIO/z-finalizadas/METNUM/metnum-tp02/informe3/main.tex
LaTeX2e <2021-11-15> patch level 1
L3 programming layer <2022-01-21> (./packages/homework.cls

LaTeX Warning: You have requested document class `packages/homework',
               but the document class provides `homework'.

Document Class: homework 2021/01/01 Homework
(/usr/share/texlive/texmf-dist/tex/latex/amscls/amsart.cls
Document Class: amsart 2020/05/29 v2.20.6
\linespacing=\dimen138
\normalparindent=\dimen139
\normaltopskip=\skip47
(/usr/share/texlive/texmf-dist/tex/latex/amsmath/amsmath.sty
Package: amsmath 2021/10/15 v2.17l AMS math features
\@mathmargin=\skip48

For additional information on amsmath, use the `?' option.
(/usr/share/texlive/texmf-dist/tex/latex/amsmath/amstext.sty
Package: amstext 2021/08/26 v2.01 AMS text
 (/usr/share/texlive/texmf-dist/tex/latex/amsmath/amsgen.sty
File: amsgen.sty 1999/11/30 v2.0 generic functions
\@emptytoks=\toks16
\ex@=\dimen140
)) (/usr/share/texlive/texmf-dist/tex/latex/amsmath/amsbsy.sty
Package: amsbsy 1999/11/29 v1.2d Bold Symbols
\pmbraise@=\dimen141
) (/usr/share/texlive/texmf-dist/tex/latex/amsmath/amsopn.sty
Package: amsopn 2021/08/26 v2.02 operator names
)
\inf@bad=\count185
LaTeX Info: Redefining \frac on input line 234.
\uproot@=\count186
\leftroot@=\count187
LaTeX Info: Redefining \overline on input line 399.
\classnum@=\count188
\DOTSCASE@=\count189
LaTeX Info: Redefining \ldots on input line 496.
LaTeX Info: Redefining \dots on input line 499.
LaTeX Info: Redefining \cdots on input line 620.
\Mathstrutbox@=\box50
\strutbox@=\box51
\big@size=\dimen142
LaTeX Font Info:    Redeclaring font encoding OML on input line 743.
LaTeX Font Info:    Redeclaring font encoding OMS on input line 744.
\macc@depth=\count190
\c@MaxMatrixCols=\count191
\dotsspace@=\muskip16
\c@parentequation=\count192
\dspbrk@lvl=\count193
\tag@help=\toks17
\row@=\count194
\column@=\count195
\maxfields@=\count196
\andhelp@=\toks18
\eqnshift@=\dimen143
\alignsep@=\dimen144
\tagshift@=\dimen145
\tagwidth@=\dimen146
\totwidth@=\dimen147
\lineht@=\dimen148
\@envbody=\toks19
\multlinegap=\skip49
\multlinetaggap=\skip50
\mathdisplay@stack=\toks20
LaTeX Info: Redefining \[ on input line 2938.
LaTeX Info: Redefining \] on input line 2939.
)
LaTeX Font Info:    Trying to load font information for U+msa on input line 397.
 (/usr/share/texlive/texmf-dist/tex/latex/amsfonts/umsa.fd
File: umsa.fd 2013/01/14 v3.01 AMS symbols A
) (/usr/share/texlive/texmf-dist/tex/latex/amsfonts/amsfonts.sty
Package: amsfonts 2013/01/14 v3.01 Basic AMSFonts support
\symAMSa=\mathgroup4
\symAMSb=\mathgroup5
LaTeX Font Info:    Redeclaring math symbol \hbar on input line 98.
LaTeX Font Info:    Overwriting math alphabet `\mathfrak' in version `bold'
(Font)                  U/euf/m/n --> U/euf/b/n on input line 106.
)
\copyins=\insert199
\abstractbox=\box52
\listisep=\skip51
\c@part=\count197
\c@section=\count198
\c@subsection=\count266
\c@subsubsection=\count267
\c@paragraph=\count268
\c@subparagraph=\count269
\c@figure=\count270
\c@table=\count271
\abovecaptionskip=\skip52
\belowcaptionskip=\skip53
\captionindent=\dimen149
\thm@style=\toks21
\thm@bodyfont=\toks22
\thm@headfont=\toks23
\thm@notefont=\toks24
\thm@headpunct=\toks25
\thm@preskip=\skip54
\thm@postskip=\skip55
\thm@headsep=\skip56
\dth@everypar=\toks26
) (/usr/share/texlive/texmf-dist/tex/latex/geometry/geometry.sty
Package: geometry 2020/01/02 v5.9 Page Geometry
 (/usr/share/texlive/texmf-dist/tex/latex/graphics/keyval.sty
Package: keyval 2014/10/28 v1.15 key=value parser (DPC)
\KV@toks@=\toks27
) (/usr/share/texlive/texmf-dist/tex/generic/iftex/ifvtex.sty
Package: ifvtex 2019/10/25 v1.7 ifvtex legacy package. Use iftex instead.
 (/usr/share/texlive/texmf-dist/tex/generic/iftex/iftex.sty
Package: iftex 2020/03/06 v1.0d TeX engine tests
))
\Gm@cnth=\count272
\Gm@cntv=\count273
\c@Gm@tempcnt=\count274
\Gm@bindingoffset=\dimen150
\Gm@wd@mp=\dimen151
\Gm@odd@mp=\dimen152
\Gm@even@mp=\dimen153
\Gm@layoutwidth=\dimen154
\Gm@layoutheight=\dimen155
\Gm@layouthoffset=\dimen156
\Gm@layoutvoffset=\dimen157
\Gm@dimlist=\toks28
) (/usr/share/texmf/tex/latex/lm/lmodern.sty
Package: lmodern 2009/10/30 v1.6 Latin Modern Fonts
LaTeX Font Info:    Overwriting symbol font `operators' in version `normal'
(Font)                  OT1/cmr/m/n --> OT1/lmr/m/n on input line 22.
LaTeX Font Info:    Overwriting symbol font `letters' in version `normal'
(Font)                  OML/cmm/m/it --> OML/lmm/m/it on input line 23.
LaTeX Font Info:    Overwriting symbol font `symbols' in version `normal'
(Font)                  OMS/cmsy/m/n --> OMS/lmsy/m/n on input line 24.
LaTeX Font Info:    Overwriting symbol font `largesymbols' in version `normal'
(Font)                  OMX/cmex/m/n --> OMX/lmex/m/n on input line 25.
LaTeX Font Info:    Overwriting symbol font `operators' in version `bold'
(Font)                  OT1/cmr/bx/n --> OT1/lmr/bx/n on input line 26.
LaTeX Font Info:    Overwriting symbol font `letters' in version `bold'
(Font)                  OML/cmm/b/it --> OML/lmm/b/it on input line 27.
LaTeX Font Info:    Overwriting symbol font `symbols' in version `bold'
(Font)                  OMS/cmsy/b/n --> OMS/lmsy/b/n on input line 28.
LaTeX Font Info:    Overwriting symbol font `largesymbols' in version `bold'
(Font)                  OMX/cmex/m/n --> OMX/lmex/m/n on input line 29.
LaTeX Font Info:    Overwriting math alphabet `\mathbf' in version `normal'
(Font)                  OT1/cmr/bx/n --> OT1/lmr/bx/n on input line 31.
LaTeX Font Info:    Overwriting math alphabet `\mathsf' in version `normal'
(Font)                  OT1/cmss/m/n --> OT1/lmss/m/n on input line 32.
LaTeX Font Info:    Overwriting math alphabet `\mathit' in version `normal'
(Font)                  OT1/cmr/m/it --> OT1/lmr/m/it on input line 33.
LaTeX Font Info:    Overwriting math alphabet `\mathtt' in version `normal'
(Font)                  OT1/cmtt/m/n --> OT1/lmtt/m/n on input line 34.
LaTeX Font Info:    Overwriting math alphabet `\mathbf' in version `bold'
(Font)                  OT1/cmr/bx/n --> OT1/lmr/bx/n on input line 35.
LaTeX Font Info:    Overwriting math alphabet `\mathsf' in version `bold'
(Font)                  OT1/cmss/bx/n --> OT1/lmss/bx/n on input line 36.
LaTeX Font Info:    Overwriting math alphabet `\mathit' in version `bold'
(Font)                  OT1/cmr/bx/it --> OT1/lmr/bx/it on input line 37.
LaTeX Font Info:    Overwriting math alphabet `\mathtt' in version `bold'
(Font)                  OT1/cmtt/m/n --> OT1/lmtt/m/n on input line 38.
) (/usr/share/texlive/texmf-dist/tex/latex/enumitem/enumitem.sty
Package: enumitem 2019/06/20 v3.9 Customized lists
\labelindent=\skip57
\enit@outerparindent=\dimen158
\enit@toks=\toks29
\enit@inbox=\box53
\enit@count@id=\count275
\enitdp@description=\count276
) (/usr/share/texlive/texmf-dist/tex/latex/needspace/needspace.sty
Package: needspace 2010/09/12 v1.3d reserve vertical space
) (/usr/share/texlive/texmf-dist/tex/latex/graphics/graphicx.sty
Package: graphicx 2021/09/16 v1.2d Enhanced LaTeX Graphics (DPC,SPQR)
 (/usr/share/texlive/texmf-dist/tex/latex/graphics/graphics.sty
Package: graphics 2021/03/04 v1.4d Standard LaTeX Graphics (DPC,SPQR)
 (/usr/share/texlive/texmf-dist/tex/latex/graphics/trig.sty
Package: trig 2021/08/11 v1.11 sin cos tan (DPC)
) (/usr/share/texlive/texmf-dist/tex/latex/graphics-cfg/graphics.cfg
File: graphics.cfg 2016/06/04 v1.11 sample graphics configuration
)
Package graphics Info: Driver file: pdftex.def on input line 107.
 (/usr/share/texlive/texmf-dist/tex/latex/graphics-def/pdftex.def
File: pdftex.def 2020/10/05 v1.2a Graphics/color driver for pdftex
))
\Gin@req@height=\dimen159
\Gin@req@width=\dimen160
) (/usr/share/texlive/texmf-dist/tex/latex/wrapfig/wrapfig.sty
\wrapoverhang=\dimen161
\WF@size=\dimen162
\c@WF@wrappedlines=\count277
\WF@box=\box54
\WF@everypar=\toks30
Package: wrapfig 2003/01/31  v 3.6
) (/usr/share/texlive/texmf-dist/tex/latex/pgf/utilities/pgffor.sty (/usr/share/texlive/texmf-dist/tex/latex/pgf/utilities/pgfrcs.sty (/usr/share/texlive/texmf-dist/tex/generic/pgf/utilities/pgfutil-common.tex
\pgfutil@everybye=\toks31
\pgfutil@tempdima=\dimen163
\pgfutil@tempdimb=\dimen164
 (/usr/share/texlive/texmf-dist/tex/generic/pgf/utilities/pgfutil-common-lists.tex)) (/usr/share/texlive/texmf-dist/tex/generic/pgf/utilities/pgfutil-latex.def
\pgfutil@abb=\box55
) (/usr/share/texlive/texmf-dist/tex/generic/pgf/utilities/pgfrcs.code.tex (/usr/share/texlive/texmf-dist/tex/generic/pgf/pgf.revision.tex)
Package: pgfrcs 2021/05/15 v3.1.9a (3.1.9a)
)) (/usr/share/texlive/texmf-dist/tex/latex/pgf/utilities/pgfkeys.sty (/usr/share/texlive/texmf-dist/tex/generic/pgf/utilities/pgfkeys.code.tex
\pgfkeys@pathtoks=\toks32
\pgfkeys@temptoks=\toks33
 (/usr/share/texlive/texmf-dist/tex/generic/pgf/utilities/pgfkeysfiltered.code.tex
\pgfkeys@tmptoks=\toks34
))) (/usr/share/texlive/texmf-dist/tex/latex/pgf/math/pgfmath.sty (/usr/share/texlive/texmf-dist/tex/generic/pgf/math/pgfmath.code.tex (/usr/share/texlive/texmf-dist/tex/generic/pgf/math/pgfmathcalc.code.tex (/usr/share/texlive/texmf-dist/tex/generic/pgf/math/pgfmathutil.code.tex
\pgf@x=\dimen165
\pgf@xa=\dimen166
\pgf@xb=\dimen167
\pgf@xc=\dimen168
\pgf@y=\dimen169
\pgf@ya=\dimen170
\pgf@yb=\dimen171
\pgf@yc=\dimen172
\c@pgf@counta=\count278
\c@pgf@countb=\count279
\c@pgf@countc=\count280
\c@pgf@countd=\count281
) (/usr/share/texlive/texmf-dist/tex/generic/pgf/math/pgfmathparser.code.tex
\pgfmath@dimen=\dimen173
\pgfmath@count=\count282
\pgfmath@box=\box56
\pgfmath@toks=\toks35
\pgfmath@stack@operand=\toks36
\pgfmath@stack@operation=\toks37
) (/usr/share/texlive/texmf-dist/tex/generic/pgf/math/pgfmathfunctions.code.tex (/usr/share/texlive/texmf-dist/tex/generic/pgf/math/pgfmathfunctions.basic.code.tex) (/usr/share/texlive/texmf-dist/tex/generic/pgf/math/pgfmathfunctions.trigonometric.code.tex) (/usr/share/texlive/texmf-dist/tex/generic/pgf/math/pgfmathfunctions.random.code.tex) (/usr/share/texlive/texmf-dist/tex/generic/pgf/math/pgfmathfunctions.comparison.code.tex) (/usr/share/texlive/texmf-dist/tex/generic/pgf/math/pgfmathfunctions.base.code.tex) (/usr/share/texlive/texmf-dist/tex/generic/pgf/math/pgfmathfunctions.round.code.tex) (/usr/share/texlive/texmf-dist/tex/generic/pgf/math/pgfmathfunctions.misc.code.tex) (/usr/share/texlive/texmf-dist/tex/generic/pgf/math/pgfmathfunctions.integerarithmetics.code.tex))) (/usr/share/texlive/texmf-dist/tex/generic/pgf/math/pgfmathfloat.code.tex
\c@pgfmathroundto@lastzeros=\count283
))) (/usr/share/texlive/texmf-dist/tex/generic/pgf/utilities/pgffor.code.tex
Package: pgffor 2021/05/15 v3.1.9a (3.1.9a)
 (/usr/share/texlive/texmf-dist/tex/generic/pgf/math/pgfmath.code.tex)
\pgffor@iter=\dimen174
\pgffor@skip=\dimen175
\pgffor@stack=\toks38
\pgffor@toks=\toks39
)) (/usr/share/texlive/texmf-dist/tex/latex/base/ifthen.sty
Package: ifthen 2020/11/24 v1.1c Standard LaTeX ifthen package (DPC)
) (/usr/share/texlive/texmf-dist/tex/generic/ulem/ulem.sty
\UL@box=\box57
\UL@hyphenbox=\box58
\UL@skip=\skip58
\UL@hook=\toks40
\UL@height=\dimen176
\UL@pe=\count284
\UL@pixel=\dimen177
\ULC@box=\box59
Package: ulem 2019/11/18
\ULdepth=\dimen178
) (/usr/share/texlive/texmf-dist/tex/latex/caption/caption.sty
Package: caption 2020/10/26 v3.5g Customizing captions (AR)
 (/usr/share/texlive/texmf-dist/tex/latex/caption/caption3.sty
Package: caption3 2020/10/21 v2.2e caption3 kernel (AR)
\captionmargin=\dimen179
\captionmargin@=\dimen180
\captionwidth=\dimen181
\caption@tempdima=\dimen182
\caption@indent=\dimen183
\caption@parindent=\dimen184
\caption@hangindent=\dimen185
Package caption Info: AMS or SMF document class detected.
 (/usr/share/texlive/texmf-dist/tex/latex/caption/caption-ams-smf.sto
File: caption-ams-smf.sto 2020/08/22 v2.0 Adaption of the caption package to the AMS and SMF document classes (AR)
))
\c@caption@flags=\count285
\c@continuedfloat=\count286
Package caption Info: wrapfig package is loaded.
) (/usr/share/texlive/texmf-dist/tex/latex/subfig/subfig.sty
Package: subfig 2005/06/28 ver: 1.3 subfig package
\c@KVtest=\count287
\sf@farskip=\skip59
\sf@captopadj=\dimen186
\sf@capskip=\skip60
\sf@nearskip=\skip61
\c@subfigure=\count288
\c@subfigure@save=\count289
\c@lofdepth=\count290
\c@subtable=\count291
\c@subtable@save=\count292
\c@lotdepth=\count293
\sf@top=\skip62
\sf@bottom=\skip63
) (/usr/share/texlive/texmf-dist/tex/latex/hyperref/hyperref.sty
Package: hyperref 2021-06-07 v7.00m Hypertext links for LaTeX
 (/usr/share/texlive/texmf-dist/tex/generic/ltxcmds/ltxcmds.sty
Package: ltxcmds 2020-05-10 v1.25 LaTeX kernel commands for general use (HO)
) (/usr/share/texlive/texmf-dist/tex/generic/pdftexcmds/pdftexcmds.sty
Package: pdftexcmds 2020-06-27 v0.33 Utility functions of pdfTeX for LuaTeX (HO)
 (/usr/share/texlive/texmf-dist/tex/generic/infwarerr/infwarerr.sty
Package: infwarerr 2019/12/03 v1.5 Providing info/warning/error messages (HO)
)
Package pdftexcmds Info: \pdf@primitive is available.
Package pdftexcmds Info: \pdf@ifprimitive is available.
Package pdftexcmds Info: \pdfdraftmode found.
) (/usr/share/texlive/texmf-dist/tex/generic/kvsetkeys/kvsetkeys.sty
Package: kvsetkeys 2019/12/15 v1.18 Key value parser (HO)
) (/usr/share/texlive/texmf-dist/tex/generic/kvdefinekeys/kvdefinekeys.sty
Package: kvdefinekeys 2019-12-19 v1.6 Define keys (HO)
) (/usr/share/texlive/texmf-dist/tex/generic/pdfescape/pdfescape.sty
Package: pdfescape 2019/12/09 v1.15 Implements pdfTeX's escape features (HO)
) (/usr/share/texlive/texmf-dist/tex/latex/hycolor/hycolor.sty
Package: hycolor 2020-01-27 v1.10 Color options for hyperref/bookmark (HO)
) (/usr/share/texlive/texmf-dist/tex/latex/letltxmacro/letltxmacro.sty
Package: letltxmacro 2019/12/03 v1.6 Let assignment for LaTeX macros (HO)
) (/usr/share/texlive/texmf-dist/tex/latex/auxhook/auxhook.sty
Package: auxhook 2019-12-17 v1.6 Hooks for auxiliary files (HO)
) (/usr/share/texlive/texmf-dist/tex/latex/kvoptions/kvoptions.sty
Package: kvoptions 2020-10-07 v3.14 Key value format for package options (HO)
)
\@linkdim=\dimen187
\Hy@linkcounter=\count294
\Hy@pagecounter=\count295
 (/usr/share/texlive/texmf-dist/tex/latex/hyperref/pd1enc.def
File: pd1enc.def 2021-06-07 v7.00m Hyperref: PDFDocEncoding definition (HO)
Now handling font encoding PD1 ...
... no UTF-8 mapping file for font encoding PD1
) (/usr/share/texlive/texmf-dist/tex/latex/hyperref/hyperref-langpatches.def
File: hyperref-langpatches.def 2021-06-07 v7.00m Hyperref: patches for babel languages
) (/usr/share/texlive/texmf-dist/tex/generic/intcalc/intcalc.sty
Package: intcalc 2019/12/15 v1.3 Expandable calculations with integers (HO)
) (/usr/share/texlive/texmf-dist/tex/generic/etexcmds/etexcmds.sty
Package: etexcmds 2019/12/15 v1.7 Avoid name clashes with e-TeX commands (HO)
)
\Hy@SavedSpaceFactor=\count296
 (/usr/share/texlive/texmf-dist/tex/latex/hyperref/puenc.def
File: puenc.def 2021-06-07 v7.00m Hyperref: PDF Unicode definition (HO)
Now handling font encoding PU ...
... no UTF-8 mapping file for font encoding PU
)
Package hyperref Info: Hyper figures OFF on input line 4192.
Package hyperref Info: Link nesting OFF on input line 4197.
Package hyperref Info: Hyper index ON on input line 4200.
Package hyperref Info: Plain pages OFF on input line 4207.
Package hyperref Info: Backreferencing OFF on input line 4212.
Package hyperref Info: Implicit mode ON; LaTeX internals redefined.
Package hyperref Info: Bookmarks ON on input line 4445.
\c@Hy@tempcnt=\count297
 (/usr/share/texlive/texmf-dist/tex/latex/url/url.sty
\Urlmuskip=\muskip17
Package: url 2013/09/16  ver 3.4  Verb mode for urls, etc.
)
LaTeX Info: Redefining \url on input line 4804.
\XeTeXLinkMargin=\dimen188
 (/usr/share/texlive/texmf-dist/tex/generic/bitset/bitset.sty
Package: bitset 2019/12/09 v1.3 Handle bit-vector datatype (HO)
 (/usr/share/texlive/texmf-dist/tex/generic/bigintcalc/bigintcalc.sty
Package: bigintcalc 2019/12/15 v1.5 Expandable calculations on big integers (HO)
))
\Fld@menulength=\count298
\Field@Width=\dimen189
\Fld@charsize=\dimen190
Package hyperref Info: Hyper figures OFF on input line 6076.
Package hyperref Info: Link nesting OFF on input line 6081.
Package hyperref Info: Hyper index ON on input line 6084.
Package hyperref Info: backreferencing OFF on input line 6091.
Package hyperref Info: Link coloring OFF on input line 6096.
Package hyperref Info: Link coloring with OCG OFF on input line 6101.
Package hyperref Info: PDF/A mode OFF on input line 6106.
LaTeX Info: Redefining \ref on input line 6146.
LaTeX Info: Redefining \pageref on input line 6150.
 (/usr/share/texlive/texmf-dist/tex/latex/base/atbegshi-ltx.sty
Package: atbegshi-ltx 2021/01/10 v1.0c Emulation of the original atbegshi
package with kernel methods
)
\Hy@abspage=\count299
\c@Item=\count300
\c@Hfootnote=\count301
)
Package hyperref Info: Driver (autodetected): hpdftex.
 (/usr/share/texlive/texmf-dist/tex/latex/hyperref/hpdftex.def
File: hpdftex.def 2021-06-07 v7.00m Hyperref driver for pdfTeX
 (/usr/share/texlive/texmf-dist/tex/latex/base/atveryend-ltx.sty
Package: atveryend-ltx 2020/08/19 v1.0a Emulation of the original atveryend package
with kernel methods
)
\Fld@listcount=\count302
\c@bookmark@seq@number=\count303
 (/usr/share/texlive/texmf-dist/tex/latex/rerunfilecheck/rerunfilecheck.sty
Package: rerunfilecheck 2019/12/05 v1.9 Rerun checks for auxiliary files (HO)
 (/usr/share/texlive/texmf-dist/tex/generic/uniquecounter/uniquecounter.sty
Package: uniquecounter 2019/12/15 v1.4 Provide unlimited unique counter (HO)
)
Package uniquecounter Info: New unique counter `rerunfilecheck' on input line 286.
)
\Hy@SectionHShift=\skip64
) (./packages/hwsymb.sty

LaTeX Warning: You have requested package `packages/hwsymb',
               but the package provides `hwsymb'.

Package: hwsymb 2021/01/01 hwsymb
(/usr/share/texlive/texmf-dist/tex/latex/amsfonts/amssymb.sty
Package: amssymb 2013/01/14 v3.01 AMS font symbols
) (/usr/share/texlive/texmf-dist/tex/latex/amsmath/amscd.sty
Package: amscd 2017/04/14 v2.1 AMS Commutative Diagrams
\athelp@=\toks41
\minaw@=\dimen191
\bigaw@=\dimen192
\minCDarrowwidth=\dimen193
)
LaTeX Info: Redefining \sc on input line 10.
) (./packages/hwlst.sty

LaTeX Warning: You have requested package `packages/hwlst',
               but the package provides `hwlst'.

Package: hwlst 2021/01/01 hwlst
(/usr/share/texlive/texmf-dist/tex/latex/listings/listings.sty
\lst@mode=\count304
\lst@gtempboxa=\box60
\lst@token=\toks42
\lst@length=\count305
\lst@currlwidth=\dimen194
\lst@column=\count306
\lst@pos=\count307
\lst@lostspace=\dimen195
\lst@width=\dimen196
\lst@newlines=\count308
\lst@lineno=\count309
\lst@maxwidth=\dimen197
 (/usr/share/texlive/texmf-dist/tex/latex/listings/lstmisc.sty
File: lstmisc.sty 2020/03/24 1.8d (Carsten Heinz)
\c@lstnumber=\count310
\lst@skipnumbers=\count311
\lst@framebox=\box61
) (/usr/share/texlive/texmf-dist/tex/latex/listings/listings.cfg
File: listings.cfg 2020/03/24 1.8d listings configuration
))
Package: listings 2020/03/24 1.8d (Carsten Heinz)
 (/usr/share/texlive/texmf-dist/tex/latex/xcolor/xcolor.sty
Package: xcolor 2021/10/31 v2.13 LaTeX color extensions (UK)
 (/usr/share/texlive/texmf-dist/tex/latex/graphics-cfg/color.cfg
File: color.cfg 2016/01/02 v1.6 sample color configuration
)
Package xcolor Info: Driver file: pdftex.def on input line 227.
Package xcolor Info: Model `cmy' substituted by `cmy0' on input line 1352.
Package xcolor Info: Model `hsb' substituted by `rgb' on input line 1356.
Package xcolor Info: Model `RGB' extended on input line 1368.
Package xcolor Info: Model `HTML' substituted by `rgb' on input line 1370.
Package xcolor Info: Model `Hsb' substituted by `hsb' on input line 1371.
Package xcolor Info: Model `tHsb' substituted by `hsb' on input line 1372.
Package xcolor Info: Model `HSB' substituted by `hsb' on input line 1373.
Package xcolor Info: Model `Gray' substituted by `gray' on input line 1374.
Package xcolor Info: Model `wave' substituted by `hsb' on input line 1375.
))
\c@UnitCounter=\count312
\c@bonus=\count313
) (./packages/caratula.sty

LaTeX Warning: You have requested package `packages/caratula',
               but the package provides `caratula'.

Package: caratula 2013/08/04 v0.5 Para componer caratulas de TPs del DC
Cargando package 'caratula' v0.5 (2013/08/04)
\intlist=\toks43
\intlistSinLU=\toks44
\c@integrantesCount=\count314
\intTabNombre=\toks45
\intTabLU=\toks46
\intTabEmail=\toks47
\c@directoresCount=\count315
\direcTabNombre=\toks48
\direcTabEmail=\toks49
\c@coDirectoresCount=\count316
\codirecTabNombre=\toks50
\codirecTabEmail=\toks51
)
LaTeX Font Info:    Trying to load font information for OT1+lmr on input line 56.
 (/usr/share/texmf/tex/latex/lm/ot1lmr.fd
File: ot1lmr.fd 2009/10/30 v1.6 Font defs for Latin Modern
) (/usr/share/texlive/texmf-dist/tex/latex/l3backend/l3backend-pdftex.def
File: l3backend-pdftex.def 2022-01-12 L3 backend support: PDF output (pdfTeX)
\l__color_backend_stack_int=\count317
\l__pdf_internal_box=\box62
) (./main.aux)
\openout1 = `main.aux'.

LaTeX Font Info:    Checking defaults for OML/cmm/m/it on input line 56.
LaTeX Font Info:    ... okay on input line 56.
LaTeX Font Info:    Checking defaults for OMS/cmsy/m/n on input line 56.
LaTeX Font Info:    ... okay on input line 56.
LaTeX Font Info:    Checking defaults for OT1/cmr/m/n on input line 56.
LaTeX Font Info:    ... okay on input line 56.
LaTeX Font Info:    Checking defaults for T1/cmr/m/n on input line 56.
LaTeX Font Info:    ... okay on input line 56.
LaTeX Font Info:    Checking defaults for TS1/cmr/m/n on input line 56.
LaTeX Font Info:    ... okay on input line 56.
LaTeX Font Info:    Checking defaults for OMX/cmex/m/n on input line 56.
LaTeX Font Info:    ... okay on input line 56.
LaTeX Font Info:    Checking defaults for U/cmr/m/n on input line 56.
LaTeX Font Info:    ... okay on input line 56.
LaTeX Font Info:    Checking defaults for PD1/pdf/m/n on input line 56.
LaTeX Font Info:    ... okay on input line 56.
LaTeX Font Info:    Checking defaults for PU/pdf/m/n on input line 56.
LaTeX Font Info:    ... okay on input line 56.
LaTeX Font Info:    Trying to load font information for OML+lmm on input line 56.
 (/usr/share/texmf/tex/latex/lm/omllmm.fd
File: omllmm.fd 2009/10/30 v1.6 Font defs for Latin Modern
)
LaTeX Font Info:    Trying to load font information for OMS+lmsy on input line 56.
 (/usr/share/texmf/tex/latex/lm/omslmsy.fd
File: omslmsy.fd 2009/10/30 v1.6 Font defs for Latin Modern
)
LaTeX Font Info:    Trying to load font information for OMX+lmex on input line 56.
 (/usr/share/texmf/tex/latex/lm/omxlmex.fd
File: omxlmex.fd 2009/10/30 v1.6 Font defs for Latin Modern
)
LaTeX Font Info:    External font `lmex10' loaded for size
(Font)              <10> on input line 56.
LaTeX Font Info:    External font `lmex10' loaded for size
(Font)              <7> on input line 56.
LaTeX Font Info:    External font `lmex10' loaded for size
(Font)              <5> on input line 56.
LaTeX Font Info:    Trying to load font information for U+msa on input line 56.
 (/usr/share/texlive/texmf-dist/tex/latex/amsfonts/umsa.fd
File: umsa.fd 2013/01/14 v3.01 AMS symbols A
)
LaTeX Font Info:    Trying to load font information for U+msb on input line 56.
 (/usr/share/texlive/texmf-dist/tex/latex/amsfonts/umsb.fd
File: umsb.fd 2013/01/14 v3.01 AMS symbols B
)
*geometry* driver: auto-detecting
*geometry* detected driver: pdftex
*geometry* verbose mode - [ preamble ] result:
* driver: pdftex
* paper: <default>
* layout: <same size as paper>
* layoutoffset:(h,v)=(0.0pt,0.0pt)
* modes: 
* h-part:(L,W,R)=(72.26999pt, 469.75502pt, 72.26999pt)
* v-part:(T,H,B)=(72.26999pt, 650.43001pt, 72.26999pt)
* \paperwidth=614.295pt
* \paperheight=794.96999pt
* \textwidth=469.75502pt
* \textheight=650.43001pt
* \oddsidemargin=0.0pt
* \evensidemargin=0.0pt
* \topmargin=-22.0pt
* \headheight=8.0pt
* \headsep=14.0pt
* \topskip=10.0pt
* \footskip=12.0pt
* \marginparwidth=90.0pt
* \marginparsep=11.0pt
* \columnsep=10.0pt
* \skip\footins=7.0pt plus 11.0pt
* \hoffset=0.0pt
* \voffset=0.0pt
* \mag=1000
* \@twocolumnfalse
* \@twosidefalse
* \@mparswitchfalse
* \@reversemarginfalse
* (1in=72.27pt=25.4mm, 1cm=28.453pt)

(/usr/share/texlive/texmf-dist/tex/context/base/mkii/supp-pdf.mkii
[Loading MPS to PDF converter (version 2006.09.02).]
\scratchcounter=\count318
\scratchdimen=\dimen198
\scratchbox=\box63
\nofMPsegments=\count319
\nofMParguments=\count320
\everyMPshowfont=\toks52
\MPscratchCnt=\count321
\MPscratchDim=\dimen256
\MPnumerator=\count322
\makeMPintoPDFobject=\count323
\everyMPtoPDFconversion=\toks53
) (/usr/share/texlive/texmf-dist/tex/latex/epstopdf-pkg/epstopdf-base.sty
Package: epstopdf-base 2020-01-24 v2.11 Base part for package epstopdf
Package epstopdf-base Info: Redefining graphics rule for `.eps' on input line 485.
 (/usr/share/texlive/texmf-dist/tex/latex/latexconfig/epstopdf-sys.cfg
File: epstopdf-sys.cfg 2010/07/13 v1.3 Configuration of (r)epstopdf for TeX Live
))
Package caption Info: Begin \AtBeginDocument code.
Package caption Info: subfig package v1.3 is loaded.
Package caption Info: hyperref package is loaded.
Package caption Info: listings package is loaded.
Package caption Info: End \AtBeginDocument code.
Package hyperref Info: Link coloring OFF on input line 56.
 (/usr/share/texlive/texmf-dist/tex/latex/hyperref/nameref.sty
Package: nameref 2021-04-02 v2.47 Cross-referencing by name of section
 (/usr/share/texlive/texmf-dist/tex/latex/refcount/refcount.sty
Package: refcount 2019/12/15 v3.6 Data extraction from label references (HO)
) (/usr/share/texlive/texmf-dist/tex/generic/gettitlestring/gettitlestring.sty
Package: gettitlestring 2019/12/15 v1.6 Cleanup title references (HO)
)
\c@section@level=\count324
)
LaTeX Info: Redefining \ref on input line 56.
LaTeX Info: Redefining \pageref on input line 56.
LaTeX Info: Redefining \nameref on input line 56.
 (./main.out) (./main.out)
\@outlinefile=\write3
\openout3 = `main.out'.

\c@lstlisting=\count325
 (./files/src/caratula.tex
<packages/logo_dc.jpg, id=80, 215.6055pt x 83.5923pt>
File: packages/logo_dc.jpg Graphic file (type jpg)
<use packages/logo_dc.jpg>
Package pdftex.def Info: packages/logo_dc.jpg  used on input line 12.
(pdftex.def)             Requested size: 215.60497pt x 83.59207pt.

Underfull \hbox (badness 10000) in paragraph at lines 12--12

 []


Underfull \hbox (badness 10000) in paragraph at lines 12--12

 []

LaTeX Font Info:    External font `lmex10' loaded for size
(Font)              <12> on input line 12.
LaTeX Font Info:    External font `lmex10' loaded for size
(Font)              <8> on input line 12.
LaTeX Font Info:    External font `lmex10' loaded for size
(Font)              <6> on input line 12.
LaTeX Font Info:    Trying to load font information for OT1+lmtt on input line 12.
(/usr/share/texmf/tex/latex/lm/ot1lmtt.fd
File: ot1lmtt.fd 2009/10/30 v1.6 Font defs for Latin Modern
)
<packages/logo_uba.jpg, id=81, 225.4824pt x 231.7458pt>
File: packages/logo_uba.jpg Graphic file (type jpg)
<use packages/logo_uba.jpg>
Package pdftex.def Info: packages/logo_uba.jpg  used on input line 12.
(pdftex.def)             Requested size: 225.48184pt x 231.74522pt.
LaTeX Font Info:    Trying to load font information for OT1+lmss on input line 12.
 (/usr/share/texmf/tex/latex/lm/ot1lmss.fd
File: ot1lmss.fd 2009/10/30 v1.6 Font defs for Latin Modern
)
Underfull \hbox (badness 10000) in paragraph at lines 12--12

 []

[1{/var/lib/texmf/fonts/map/pdftex/updmap/pdftex.map} <./packages/logo_dc.jpg> <./packages/logo_uba.jpg>]) (./files/src/resumen.tex) (./main.toc)
\tf@toc=\write4
\openout4 = `main.toc'.

pdfTeX warning (ext4): destination with the same identifier (name{page.1}) has been already used, duplicate ignored
<to be read again> 
                   \relax 
l.71 \newpage
              [1] (./files/src/potencia.tex [2]
Package hyperref Info: bookmark level for unknown lstlisting defaults to 0 on input line 62.
 (./files/src/.code/deflacion.pseudo
LaTeX Font Info:    Font shape `OT1/lmtt/bx/n' in size <10> not available
(Font)              Font shape `OT1/lmtt/b/n' tried instead on input line 1.
) [3] (./files/src/.code/potencia.pseudo) [4] (./files/src/.code/potencia_vegas.pseudo) [5]
Underfull \hbox (badness 10000) in paragraph at lines 113--115

 []


Underfull \hbox (badness 10000) in paragraph at lines 115--117

 []


Overfull \hbox (6.62044pt too wide) in paragraph at lines 117--118
[]\OT1/lmr/m/it/12 Matrices Sim^^Setricas Definidas Pos-i-ti-vas\OT1/lmr/m/n/12 : Se gener-aron cien ma-tri-ces sim^^Setricas definidas
 []

LaTeX Font Info:    External font `lmex10' loaded for size
(Font)              <10.95> on input line 147.
[6]) [7] (./files/src/karate.tex
<.//files/src/.media/karate/grafo_conectividad.png, id=270, 722.7pt x 722.7pt>
File: .//files/src/.media/karate/grafo_conectividad.png Graphic file (type png)
<use .//files/src/.media/karate/grafo_conectividad.png>
Package pdftex.def Info: .//files/src/.media/karate/grafo_conectividad.png  used on input line 15.
(pdftex.def)             Requested size: 287.0731pt x 298.11443pt.
 [8 <.//files/src/.media/karate/grafo_conectividad.png>] [9] [10]
<.//files/src/.media/karate/grafo_corte_32_0.47.png, id=309, 722.7pt x 722.7pt>
File: .//files/src/.media/karate/grafo_corte_32_0.47.png Graphic file (type png)
<use .//files/src/.media/karate/grafo_corte_32_0.47.png>
Package pdftex.def Info: .//files/src/.media/karate/grafo_corte_32_0.47.png  used on input line 202.
(pdftex.def)             Requested size: 260.9741pt x 265.99286pt.
 [11 <.//files/src/.media/karate/grafo_corte_32_0.47.png>]
<.//files/src/.media/karate/grafo_corte_31_0.91.png, id=318, 722.7pt x 722.7pt>
File: .//files/src/.media/karate/grafo_corte_31_0.91.png Graphic file (type png)
<use .//files/src/.media/karate/grafo_corte_31_0.91.png>
Package pdftex.def Info: .//files/src/.media/karate/grafo_corte_31_0.91.png  used on input line 211.
(pdftex.def)             Requested size: 117.43875pt x 117.43184pt.
<.//files/src/.media/karate/grafo_corte_30_1.13.png, id=319, 722.7pt x 722.7pt>
File: .//files/src/.media/karate/grafo_corte_30_1.13.png Graphic file (type png)
<use .//files/src/.media/karate/grafo_corte_30_1.13.png>
Package pdftex.def Info: .//files/src/.media/karate/grafo_corte_30_1.13.png  used on input line 212.
(pdftex.def)             Requested size: 117.43875pt x 117.43184pt.
<.//files/src/.media/karate/grafo_corte_29_1.26.png, id=320, 722.7pt x 722.7pt>
File: .//files/src/.media/karate/grafo_corte_29_1.26.png Graphic file (type png)
<use .//files/src/.media/karate/grafo_corte_29_1.26.png>
Package pdftex.def Info: .//files/src/.media/karate/grafo_corte_29_1.26.png  used on input line 213.
(pdftex.def)             Requested size: 117.43875pt x 117.43184pt.
<.//files/src/.media/karate/grafo_corte_28_1.6.png, id=321, 722.7pt x 722.7pt>
File: .//files/src/.media/karate/grafo_corte_28_1.6.png Graphic file (type png)
<use .//files/src/.media/karate/grafo_corte_28_1.6.png>
Package pdftex.def Info: .//files/src/.media/karate/grafo_corte_28_1.6.png  used on input line 214.
(pdftex.def)             Requested size: 117.43875pt x 117.43184pt.
<.//files/src/.media/karate/grafo_corte_27_1.76.png, id=322, 722.7pt x 722.7pt>
File: .//files/src/.media/karate/grafo_corte_27_1.76.png Graphic file (type png)
<use .//files/src/.media/karate/grafo_corte_27_1.76.png>
Package pdftex.def Info: .//files/src/.media/karate/grafo_corte_27_1.76.png  used on input line 216.
(pdftex.def)             Requested size: 117.43875pt x 117.43184pt.
<.//files/src/.media/karate/grafo_corte_26_1.83.png, id=323, 722.7pt x 722.7pt>
File: .//files/src/.media/karate/grafo_corte_26_1.83.png Graphic file (type png)
<use .//files/src/.media/karate/grafo_corte_26_1.83.png>
Package pdftex.def Info: .//files/src/.media/karate/grafo_corte_26_1.83.png  used on input line 217.
(pdftex.def)             Requested size: 117.43875pt x 117.43184pt.
<.//files/src/.media/karate/grafo_corte_25_1.96.png, id=324, 722.7pt x 722.7pt>
File: .//files/src/.media/karate/grafo_corte_25_1.96.png Graphic file (type png)
<use .//files/src/.media/karate/grafo_corte_25_1.96.png>
Package pdftex.def Info: .//files/src/.media/karate/grafo_corte_25_1.96.png  used on input line 218.
(pdftex.def)             Requested size: 117.43875pt x 117.43184pt.
<.//files/src/.media/karate/grafo_corte_24_2.0.png, id=325, 722.7pt x 722.7pt>
File: .//files/src/.media/karate/grafo_corte_24_2.0.png Graphic file (type png)
<use .//files/src/.media/karate/grafo_corte_24_2.0.png>
Package pdftex.def Info: .//files/src/.media/karate/grafo_corte_24_2.0.png  used on input line 219.
(pdftex.def)             Requested size: 117.43875pt x 117.43184pt.
<.//files/src/.media/karate/grafo_corte_23_2.0.png, id=326, 722.7pt x 722.7pt>
File: .//files/src/.media/karate/grafo_corte_23_2.0.png Graphic file (type png)
<use .//files/src/.media/karate/grafo_corte_23_2.0.png>
Package pdftex.def Info: .//files/src/.media/karate/grafo_corte_23_2.0.png  used on input line 221.
(pdftex.def)             Requested size: 117.43875pt x 117.43184pt.
<.//files/src/.media/karate/grafo_corte_22_2.0.png, id=327, 722.7pt x 722.7pt>
File: .//files/src/.media/karate/grafo_corte_22_2.0.png Graphic file (type png)
<use .//files/src/.media/karate/grafo_corte_22_2.0.png>
Package pdftex.def Info: .//files/src/.media/karate/grafo_corte_22_2.0.png  used on input line 222.
(pdftex.def)             Requested size: 117.43875pt x 117.43184pt.
<.//files/src/.media/karate/grafo_corte_21_2.0.png, id=328, 722.7pt x 722.7pt>
File: .//files/src/.media/karate/grafo_corte_21_2.0.png Graphic file (type png)
<use .//files/src/.media/karate/grafo_corte_21_2.0.png>
Package pdftex.def Info: .//files/src/.media/karate/grafo_corte_21_2.0.png  used on input line 223.
(pdftex.def)             Requested size: 117.43875pt x 117.43184pt.
<.//files/src/.media/karate/grafo_corte_20_2.0.png, id=329, 722.7pt x 722.7pt>
File: .//files/src/.media/karate/grafo_corte_20_2.0.png Graphic file (type png)
<use .//files/src/.media/karate/grafo_corte_20_2.0.png>
Package pdftex.def Info: .//files/src/.media/karate/grafo_corte_20_2.0.png  used on input line 224.
(pdftex.def)             Requested size: 117.43875pt x 117.43184pt.
<.//files/src/.media/karate/grafo_corte_19_2.49.png, id=330, 722.7pt x 722.7pt>
File: .//files/src/.media/karate/grafo_corte_19_2.49.png Graphic file (type png)
<use .//files/src/.media/karate/grafo_corte_19_2.49.png>
Package pdftex.def Info: .//files/src/.media/karate/grafo_corte_19_2.49.png  used on input line 226.
(pdftex.def)             Requested size: 117.43875pt x 117.43184pt.
<.//files/src/.media/karate/grafo_corte_18_2.75.png, id=331, 722.7pt x 722.7pt>
File: .//files/src/.media/karate/grafo_corte_18_2.75.png Graphic file (type png)
<use .//files/src/.media/karate/grafo_corte_18_2.75.png>
Package pdftex.def Info: .//files/src/.media/karate/grafo_corte_18_2.75.png  used on input line 227.
(pdftex.def)             Requested size: 117.43875pt x 117.43184pt.
<.//files/src/.media/karate/grafo_corte_17_3.01.png, id=332, 722.7pt x 722.7pt>
File: .//files/src/.media/karate/grafo_corte_17_3.01.png Graphic file (type png)
<use .//files/src/.media/karate/grafo_corte_17_3.01.png>
Package pdftex.def Info: .//files/src/.media/karate/grafo_corte_17_3.01.png  used on input line 228.
(pdftex.def)             Requested size: 117.43875pt x 117.43184pt.
<.//files/src/.media/karate/grafo_corte_16_3.24.png, id=333, 722.7pt x 722.7pt>
File: .//files/src/.media/karate/grafo_corte_16_3.24.png Graphic file (type png)
<use .//files/src/.media/karate/grafo_corte_16_3.24.png>
Package pdftex.def Info: .//files/src/.media/karate/grafo_corte_16_3.24.png  used on input line 229.
(pdftex.def)             Requested size: 117.43875pt x 117.43184pt.
<.//files/src/.media/karate/grafo_corte_15_3.38.png, id=334, 722.7pt x 722.7pt>
File: .//files/src/.media/karate/grafo_corte_15_3.38.png Graphic file (type png)
<use .//files/src/.media/karate/grafo_corte_15_3.38.png>
Package pdftex.def Info: .//files/src/.media/karate/grafo_corte_15_3.38.png  used on input line 235.
(pdftex.def)             Requested size: 117.43875pt x 117.43184pt.
<.//files/src/.media/karate/grafo_corte_14_3.38.png, id=335, 722.7pt x 722.7pt>
File: .//files/src/.media/karate/grafo_corte_14_3.38.png Graphic file (type png)
<use .//files/src/.media/karate/grafo_corte_14_3.38.png>
Package pdftex.def Info: .//files/src/.media/karate/grafo_corte_14_3.38.png  used on input line 236.
(pdftex.def)             Requested size: 117.43875pt x 117.43184pt.
<.//files/src/.media/karate/grafo_corte_13_3.47.png, id=336, 722.7pt x 722.7pt>
File: .//files/src/.media/karate/grafo_corte_13_3.47.png Graphic file (type png)
<use .//files/src/.media/karate/grafo_corte_13_3.47.png>
Package pdftex.def Info: .//files/src/.media/karate/grafo_corte_13_3.47.png  used on input line 237.
(pdftex.def)             Requested size: 117.43875pt x 117.43184pt.
<.//files/src/.media/karate/grafo_corte_12_4.28.png, id=337, 722.7pt x 722.7pt>
File: .//files/src/.media/karate/grafo_corte_12_4.28.png Graphic file (type png)
<use .//files/src/.media/karate/grafo_corte_12_4.28.png>
Package pdftex.def Info: .//files/src/.media/karate/grafo_corte_12_4.28.png  used on input line 238.
(pdftex.def)             Requested size: 117.43875pt x 117.43184pt.
<.//files/src/.media/karate/grafo_corte_11_4.48.png, id=338, 722.7pt x 722.7pt>
File: .//files/src/.media/karate/grafo_corte_11_4.48.png Graphic file (type png)
<use .//files/src/.media/karate/grafo_corte_11_4.48.png>
Package pdftex.def Info: .//files/src/.media/karate/grafo_corte_11_4.48.png  used on input line 240.
(pdftex.def)             Requested size: 117.43875pt x 117.43184pt.
<.//files/src/.media/karate/grafo_corte_10_4.58.png, id=339, 722.7pt x 722.7pt>
File: .//files/src/.media/karate/grafo_corte_10_4.58.png Graphic file (type png)
<use .//files/src/.media/karate/grafo_corte_10_4.58.png>
Package pdftex.def Info: .//files/src/.media/karate/grafo_corte_10_4.58.png  used on input line 241.
(pdftex.def)             Requested size: 117.43875pt x 117.43184pt.
<.//files/src/.media/karate/grafo_corte_9_5.38.png, id=340, 722.7pt x 722.7pt>
File: .//files/src/.media/karate/grafo_corte_9_5.38.png Graphic file (type png)
<use .//files/src/.media/karate/grafo_corte_9_5.38.png>
Package pdftex.def Info: .//files/src/.media/karate/grafo_corte_9_5.38.png  used on input line 242.
(pdftex.def)             Requested size: 117.43875pt x 117.43184pt.
<.//files/src/.media/karate/grafo_corte_8_5.62.png, id=341, 722.7pt x 722.7pt>
File: .//files/src/.media/karate/grafo_corte_8_5.62.png Graphic file (type png)
<use .//files/src/.media/karate/grafo_corte_8_5.62.png>
Package pdftex.def Info: .//files/src/.media/karate/grafo_corte_8_5.62.png  used on input line 243.
(pdftex.def)             Requested size: 117.43875pt x 117.43184pt.
<.//files/src/.media/karate/grafo_corte_7_6.33.png, id=342, 722.7pt x 722.7pt>
File: .//files/src/.media/karate/grafo_corte_7_6.33.png Graphic file (type png)
<use .//files/src/.media/karate/grafo_corte_7_6.33.png>
Package pdftex.def Info: .//files/src/.media/karate/grafo_corte_7_6.33.png  used on input line 245.
(pdftex.def)             Requested size: 117.43875pt x 117.43184pt.
<.//files/src/.media/karate/grafo_corte_6_6.52.png, id=343, 722.7pt x 722.7pt>
File: .//files/src/.media/karate/grafo_corte_6_6.52.png Graphic file (type png)
<use .//files/src/.media/karate/grafo_corte_6_6.52.png>
Package pdftex.def Info: .//files/src/.media/karate/grafo_corte_6_6.52.png  used on input line 246.
(pdftex.def)             Requested size: 117.43875pt x 117.43184pt.
<.//files/src/.media/karate/grafo_corte_5_7.0.png, id=344, 722.7pt x 722.7pt>
File: .//files/src/.media/karate/grafo_corte_5_7.0.png Graphic file (type png)
<use .//files/src/.media/karate/grafo_corte_5_7.0.png>
Package pdftex.def Info: .//files/src/.media/karate/grafo_corte_5_7.0.png  used on input line 247.
(pdftex.def)             Requested size: 117.43875pt x 117.43184pt.
<.//files/src/.media/karate/grafo_corte_4_9.78.png, id=345, 722.7pt x 722.7pt>
File: .//files/src/.media/karate/grafo_corte_4_9.78.png Graphic file (type png)
<use .//files/src/.media/karate/grafo_corte_4_9.78.png>
Package pdftex.def Info: .//files/src/.media/karate/grafo_corte_4_9.78.png  used on input line 248.
(pdftex.def)             Requested size: 117.43875pt x 117.43184pt.
<.//files/src/.media/karate/grafo_corte_3_10.92.png, id=346, 722.7pt x 722.7pt>
File: .//files/src/.media/karate/grafo_corte_3_10.92.png Graphic file (type png)
<use .//files/src/.media/karate/grafo_corte_3_10.92.png>
Package pdftex.def Info: .//files/src/.media/karate/grafo_corte_3_10.92.png  used on input line 250.
(pdftex.def)             Requested size: 117.43875pt x 117.43184pt.
<.//files/src/.media/karate/grafo_corte_2_13.31.png, id=347, 722.7pt x 722.7pt>
File: .//files/src/.media/karate/grafo_corte_2_13.31.png Graphic file (type png)
<use .//files/src/.media/karate/grafo_corte_2_13.31.png>
Package pdftex.def Info: .//files/src/.media/karate/grafo_corte_2_13.31.png  used on input line 251.
(pdftex.def)             Requested size: 117.43875pt x 117.43184pt.
<.//files/src/.media/karate/grafo_corte_1_17.06.png, id=348, 722.7pt x 722.7pt>
File: .//files/src/.media/karate/grafo_corte_1_17.06.png Graphic file (type png)
<use .//files/src/.media/karate/grafo_corte_1_17.06.png>
Package pdftex.def Info: .//files/src/.media/karate/grafo_corte_1_17.06.png  used on input line 252.
(pdftex.def)             Requested size: 117.43875pt x 117.43184pt.
<.//files/src/.media/karate/grafo_corte_0_18.14.png, id=349, 722.7pt x 722.7pt>
File: .//files/src/.media/karate/grafo_corte_0_18.14.png Graphic file (type png)
<use .//files/src/.media/karate/grafo_corte_0_18.14.png>
Package pdftex.def Info: .//files/src/.media/karate/grafo_corte_0_18.14.png  used on input line 253.
(pdftex.def)             Requested size: 117.43875pt x 117.43184pt.
 [12 <.//files/src/.media/karate/grafo_corte_31_0.91.png> <.//files/src/.media/karate/grafo_corte_30_1.13.png> <.//files/src/.media/karate/grafo_corte_29_1.26.png> <.//files/src/.media/karate/grafo_corte_28_1.6.png> <.//files/src/.media/karate/grafo_corte_27_1.76.png> <.//files/src/.media/karate/grafo_corte_26_1.83.png> <.//files/src/.media/karate/grafo_corte_25_1.96.png> <.//files/src/.media/karate/grafo_corte_24_2.0.png> <.//files/src/.media/karate/grafo_corte_23_2.0.png> <.//files/src/.media/karate/grafo_corte_22_2.0.png> <.//files/src/.media/karate/grafo_corte_21_2.0.png> <.//files/src/.media/karate/grafo_corte_20_2.0.png> <.//files/src/.media/karate/grafo_corte_19_2.49.png> <.//files/src/.media/karate/grafo_corte_18_2.75.png> <.//files/src/.media/karate/grafo_corte_17_3.01.png> <.//files/src/.media/karate/grafo_corte_16_3.24.png>]) [13 <.//files/src/.media/karate/grafo_corte_15_3.38.png> <.//files/src/.media/karate/grafo_corte_14_3.38.png> <.//files/src/.media/karate/grafo_corte_13_3.47.png> <.//files/src/.media/karate/grafo_corte_12_4.28.png> <.//files/src/.media/karate/grafo_corte_11_4.48.png> <.//files/src/.media/karate/grafo_corte_10_4.58.png> <.//files/src/.media/karate/grafo_corte_9_5.38.png> <.//files/src/.media/karate/grafo_corte_8_5.62.png> <.//files/src/.media/karate/grafo_corte_7_6.33.png> <.//files/src/.media/karate/grafo_corte_6_6.52.png> <.//files/src/.media/karate/grafo_corte_5_7.0.png> <.//files/src/.media/karate/grafo_corte_4_9.78.png> <.//files/src/.media/karate/grafo_corte_3_10.92.png> <.//files/src/.media/karate/grafo_corte_2_13.31.png> <.//files/src/.media/karate/grafo_corte_1_17.06.png> <.//files/src/.media/karate/grafo_corte_0_18.14.png>] (./files/src/egonetwork.tex
<.//files/src/.media/ego/grafo_facebook.png, id=427, 1445.4pt x 1445.4pt>
File: .//files/src/.media/ego/grafo_facebook.png Graphic file (type png)
<use .//files/src/.media/ego/grafo_facebook.png>
Package pdftex.def Info: .//files/src/.media/ego/grafo_facebook.png  used on input line 13.
(pdftex.def)             Requested size: 260.97412pt x 260.97412pt.
 [14 <.//files/src/.media/ego/grafo_facebook.png>]
<.//files/src/.media/ego/grafo_1.png, id=443, 1445.4pt x 1445.4pt>
File: .//files/src/.media/ego/grafo_1.png Graphic file (type png)
<use .//files/src/.media/ego/grafo_1.png>
Package pdftex.def Info: .//files/src/.media/ego/grafo_1.png  used on input line 75.
(pdftex.def)             Requested size: 117.43875pt x 117.4208pt.
<.//files/src/.media/ego/grafo_2.png, id=444, 1445.4pt x 1445.4pt>
File: .//files/src/.media/ego/grafo_2.png Graphic file (type png)
<use .//files/src/.media/ego/grafo_2.png>
Package pdftex.def Info: .//files/src/.media/ego/grafo_2.png  used on input line 76.
(pdftex.def)             Requested size: 117.43875pt x 117.4208pt.
<.//files/src/.media/ego/grafo_3.png, id=445, 1445.4pt x 1445.4pt>
File: .//files/src/.media/ego/grafo_3.png Graphic file (type png)
<use .//files/src/.media/ego/grafo_3.png>
Package pdftex.def Info: .//files/src/.media/ego/grafo_3.png  used on input line 77.
(pdftex.def)             Requested size: 117.43875pt x 117.4208pt.
<.//files/src/.media/ego/grafo_4.png, id=446, 1445.4pt x 1445.4pt>
File: .//files/src/.media/ego/grafo_4.png Graphic file (type png)
<use .//files/src/.media/ego/grafo_4.png>
Package pdftex.def Info: .//files/src/.media/ego/grafo_4.png  used on input line 78.
(pdftex.def)             Requested size: 117.43875pt x 117.4208pt.
<.//files/src/.media/ego/grafo_5.png, id=447, 1445.4pt x 1445.4pt>
File: .//files/src/.media/ego/grafo_5.png Graphic file (type png)
<use .//files/src/.media/ego/grafo_5.png>
Package pdftex.def Info: .//files/src/.media/ego/grafo_5.png  used on input line 84.
(pdftex.def)             Requested size: 117.43875pt x 117.4208pt.
<.//files/src/.media/ego/grafo_6.png, id=448, 1445.4pt x 1445.4pt>
File: .//files/src/.media/ego/grafo_6.png Graphic file (type png)
<use .//files/src/.media/ego/grafo_6.png>
Package pdftex.def Info: .//files/src/.media/ego/grafo_6.png  used on input line 85.
(pdftex.def)             Requested size: 117.43875pt x 117.4208pt.
<.//files/src/.media/ego/grafo_7.png, id=449, 1445.4pt x 1445.4pt>
File: .//files/src/.media/ego/grafo_7.png Graphic file (type png)
<use .//files/src/.media/ego/grafo_7.png>
Package pdftex.def Info: .//files/src/.media/ego/grafo_7.png  used on input line 86.
(pdftex.def)             Requested size: 117.43875pt x 117.4208pt.
<.//files/src/.media/ego/grafo_8.png, id=450, 1445.4pt x 1445.4pt>
File: .//files/src/.media/ego/grafo_8.png Graphic file (type png)
<use .//files/src/.media/ego/grafo_8.png>
Package pdftex.def Info: .//files/src/.media/ego/grafo_8.png  used on input line 87.
(pdftex.def)             Requested size: 117.43875pt x 117.4208pt.
<.//files/src/.media/ego/grafo_9.png, id=451, 1445.4pt x 1445.4pt>
File: .//files/src/.media/ego/grafo_9.png Graphic file (type png)
<use .//files/src/.media/ego/grafo_9.png>
Package pdftex.def Info: .//files/src/.media/ego/grafo_9.png  used on input line 89.
(pdftex.def)             Requested size: 117.43875pt x 117.4208pt.
<.//files/src/.media/ego/grafo_10.png, id=452, 1445.4pt x 1445.4pt>
File: .//files/src/.media/ego/grafo_10.png Graphic file (type png)
<use .//files/src/.media/ego/grafo_10.png>
Package pdftex.def Info: .//files/src/.media/ego/grafo_10.png  used on input line 90.
(pdftex.def)             Requested size: 117.43875pt x 117.4208pt.
<.//files/src/.media/ego/grafo_11.png, id=453, 1445.4pt x 1445.4pt>
File: .//files/src/.media/ego/grafo_11.png Graphic file (type png)
<use .//files/src/.media/ego/grafo_11.png>
Package pdftex.def Info: .//files/src/.media/ego/grafo_11.png  used on input line 91.
(pdftex.def)             Requested size: 117.43875pt x 117.4208pt.
<.//files/src/.media/ego/grafo_12.png, id=454, 1445.4pt x 1445.4pt>
File: .//files/src/.media/ego/grafo_12.png Graphic file (type png)
<use .//files/src/.media/ego/grafo_12.png>
Package pdftex.def Info: .//files/src/.media/ego/grafo_12.png  used on input line 92.
(pdftex.def)             Requested size: 117.43875pt x 117.4208pt.
<.//files/src/.media/ego/grafo_13.png, id=455, 1445.4pt x 1445.4pt>
File: .//files/src/.media/ego/grafo_13.png Graphic file (type png)
<use .//files/src/.media/ego/grafo_13.png>
Package pdftex.def Info: .//files/src/.media/ego/grafo_13.png  used on input line 94.
(pdftex.def)             Requested size: 117.43875pt x 117.4208pt.
 [15] [16 <.//files/src/.media/ego/grafo_1.png> <.//files/src/.media/ego/grafo_2.png> <.//files/src/.media/ego/grafo_3.png> <.//files/src/.media/ego/grafo_4.png> <.//files/src/.media/ego/grafo_5.png> <.//files/src/.media/ego/grafo_6.png> <.//files/src/.media/ego/grafo_7.png> <.//files/src/.media/ego/grafo_8.png> <.//files/src/.media/ego/grafo_9.png> <.//files/src/.media/ego/grafo_10.png> <.//files/src/.media/ego/grafo_11.png> <.//files/src/.media/ego/grafo_12.png> <.//files/src/.media/ego/grafo_13.png>] [17]
<.//files/src/.media/ego/facebook_similaridad.png, id=504, 1011.78pt x 505.89pt>
File: .//files/src/.media/ego/facebook_similaridad.png Graphic file (type png)
<use .//files/src/.media/ego/facebook_similaridad.png>
Package pdftex.def Info: .//files/src/.media/ego/facebook_similaridad.png  used on input line 167.
(pdftex.def)             Requested size: 455.2968pt x 227.64839pt.
 [18 <.//files/src/.media/ego/facebook_similaridad.png>] [19]
<.//files/src/.media/ego/facebook_similaridad_pca.png, id=526, 1011.78pt x 505.89pt>
File: .//files/src/.media/ego/facebook_similaridad_pca.png Graphic file (type png)
<use .//files/src/.media/ego/facebook_similaridad_pca.png>
Package pdftex.def Info: .//files/src/.media/ego/facebook_similaridad_pca.png  used on input line 323.
(pdftex.def)             Requested size: 455.2968pt x 227.64839pt.
) [20 <.//files/src/.media/ego/facebook_similaridad_pca.png>] [21] (./files/src/op_potencia.tex
Overfull \hbox (36.44131pt too wide) detected at line 45
\OML/lmm/m/it/12 b[] \OT1/lmr/m/n/12 = [] \OMS/lmsy/m/n/12 ^^A [] \OT1/lmr/m/n/12 = [] = [][]
 []

[22]
<files/src/.media/op_autovalor_repetido.png, id=547, 1011.78pt x 505.89pt>
File: files/src/.media/op_autovalor_repetido.png Graphic file (type png)
<use files/src/.media/op_autovalor_repetido.png>
Package pdftex.def Info: files/src/.media/op_autovalor_repetido.png  used on input line 79.
(pdftex.def)             Requested size: 455.2968pt x 227.64839pt.
 [23 <./files/src/.media/op_autovalor_repetido.png>]
Underfull \vbox (badness 5908) has occurred while \output is active []

 [24]
<files/src/.media/op_oscilante.png, id=566, 1011.78pt x 505.89pt>
File: files/src/.media/op_oscilante.png Graphic file (type png)
<use files/src/.media/op_oscilante.png>
Package pdftex.def Info: files/src/.media/op_oscilante.png  used on input line 142.
(pdftex.def)             Requested size: 455.2968pt x 227.64839pt.
 [25] (./files/src/.code/potencia_modificada.pseudo)) [26 <./files/src/.media/op_oscilante.png>] (./files/src/conclusiones.tex) [27] (./files/src/apendice.tex [28]) [29] (./main.bbl) [30] (./main.aux)
Package rerunfilecheck Info: File `main.out' has not changed.
(rerunfilecheck)             Checksum: 1927F01F6B64CC83BC886B7C9E05CB14;3529.
 ) 
Here is how much of TeX's memory you used:
 20882 strings out of 478287
 364477 string characters out of 5849289
 732590 words of memory out of 5000000
 38268 multiletter control sequences out of 15000+600000
 566380 words of font info for 91 fonts, out of 8000000 for 9000
 1302 hyphenation exceptions out of 8191
 83i,13n,90p,1213b,1359s stack positions out of 5000i,500n,10000p,200000b,80000s
{/usr/share/texmf/fonts/enc/dvips/lm/lm-mathit.enc}{/usr/share/texmf/fonts/enc/dvips/lm/lm-mathex.enc}{/usr/share/texmf/fonts/enc/dvips/lm/lm-rm.enc}{/usr/share/texmf/fonts/enc/dvips/lm/lm-rmtt.enc}{/usr/share/texmf/fonts/enc/dvips/lm/lm-mathsy.enc}{/usr/share/texmf/fonts/enc/dvips/lm/lm-rmsc.enc}</usr/share/texmf/fonts/type1/public/lm/lmbx10.pfb></usr/share/texmf/fonts/type1/public/lm/lmbx12.pfb></usr/share/texmf/fonts/type1/public/lm/lmcsc10.pfb></usr/share/texmf/fonts/type1/public/lm/lmex10.pfb></usr/share/texmf/fonts/type1/public/lm/lmmi10.pfb></usr/share/texmf/fonts/type1/public/lm/lmmi12.pfb></usr/share/texmf/fonts/type1/public/lm/lmmi6.pfb></usr/share/texmf/fonts/type1/public/lm/lmmi7.pfb></usr/share/texmf/fonts/type1/public/lm/lmmi8.pfb></usr/share/texmf/fonts/type1/public/lm/lmr10.pfb></usr/share/texmf/fonts/type1/public/lm/lmr12.pfb></usr/share/texmf/fonts/type1/public/lm/lmr5.pfb></usr/share/texmf/fonts/type1/public/lm/lmr6.pfb></usr/share/texmf/fonts/type1/public/lm/lmr7.pfb></usr/share/texmf/fonts/type1/public/lm/lmr8.pfb></usr/share/texmf/fonts/type1/public/lm/lmr9.pfb></usr/share/texmf/fonts/type1/public/lm/lmri10.pfb></usr/share/texmf/fonts/type1/public/lm/lmri12.pfb></usr/share/texmf/fonts/type1/public/lm/lmss12.pfb></usr/share/texmf/fonts/type1/public/lm/lmssbx10.pfb></usr/share/texmf/fonts/type1/public/lm/lmsy10.pfb></usr/share/texmf/fonts/type1/public/lm/lmsy7.pfb></usr/share/texmf/fonts/type1/public/lm/lmsy8.pfb></usr/share/texmf/fonts/type1/public/lm/lmtk10.pfb></usr/share/texmf/fonts/type1/public/lm/lmtt10.pfb></usr/share/texmf/fonts/type1/public/lm/lmtt12.pfb></usr/share/texmf/fonts/type1/public/lm/lmtt8.pfb></usr/share/texlive/texmf-dist/fonts/type1/public/amsfonts/symbols/msbm10.pfb></usr/share/texlive/texmf-dist/fonts/type1/public/amsfonts/symbols/msbm7.pfb>
Output written on main.pdf (31 pages, 5425513 bytes).
PDF statistics:
 794 PDF objects out of 1000 (max. 8388607)
 586 compressed objects within 6 object streams
 233 named destinations out of 1000 (max. 500000)
 441 words of extra memory for PDF output out of 10000 (max. 10000000)

